<?xml version="1.0" encoding="UTF-8"?>
<!-- Generated by org.testng.reporters.JUnitXMLReporter -->
<testsuite ignored="0" hostname="DESKTOP-9UL3VCG" failures="0" tests="3" name="Default test" time="0.087" errors="0" timestamp="2024-01-18T22:30:52 IST">
  <testcase classname="Test.java.TestNG_ex" name="demo" time="0.013"/>
  <testcase classname="Test.java.TestNG_ex" name="demo2" time="0.002"/>
  <testcase classname="Test.java.TestNG_ex" name="demo3" time="0.002"/>
</testsuite> <!-- Default test -->
