<?xml version="1.0" encoding="UTF-8"?>
<testng-results ignored="0" total="3" passed="3" failed="0" skipped="0">
  <reporter-output>
  </reporter-output>
  <suite started-at="2024-01-18T22:30:52 IST" name="Default suite" finished-at="2024-01-18T22:30:52 IST" duration-ms="87">
    <groups>
    </groups>
    <test started-at="2024-01-18T22:30:52 IST" name="Default test" finished-at="2024-01-18T22:30:52 IST" duration-ms="87">
      <class name="Test.java.TestNG_ex">
        <test-method signature="demo()[pri:0, instance:Test.java.TestNG_ex@644baf4a]" started-at="2024-01-18T22:30:52 IST" name="demo" finished-at="2024-01-18T22:30:52 IST" duration-ms="13" status="PASS">
          <reporter-output>
          </reporter-output>
        </test-method> <!-- demo -->
        <test-method signature="demo2()[pri:0, instance:Test.java.TestNG_ex@644baf4a]" started-at="2024-01-18T22:30:52 IST" name="demo2" finished-at="2024-01-18T22:30:52 IST" duration-ms="2" status="PASS">
          <reporter-output>
          </reporter-output>
        </test-method> <!-- demo2 -->
        <test-method signature="demo3()[pri:0, instance:Test.java.TestNG_ex@644baf4a]" started-at="2024-01-18T22:30:52 IST" name="demo3" finished-at="2024-01-18T22:30:52 IST" duration-ms="2" status="PASS">
          <reporter-output>
          </reporter-output>
        </test-method> <!-- demo3 -->
      </class> <!-- Test.java.TestNG_ex -->
    </test> <!-- Default test -->
  </suite> <!-- Default suite -->
</testng-results>
